<?xml version="1.0" encoding="UTF-8"?>
<!-- Generated by org.testng.reporters.JUnitReportReporter -->
<testsuite skipped="0" hostname="dilrajen" name="firstClass.SumValidation" tests="1" failures="0" timestamp="2021-06-14T21:34:36 IST" time="2.805" errors="0">
  <testcase name="sumOfCourses" time="2.805" classname="firstClass.SumValidation"/>
  <system-out/>
</testsuite> <!-- firstClass.SumValidation -->
